The system is: Windows - 10.0.17763 - AMD64
Compiling the C compiler identification source file "CMakeCCompilerId.c" succeeded.
Compiler: C:/Program Files (x86)/Microsoft Visual Studio/2019/Community/VC/Tools/MSVC/14.20.27508/bin/Hostx86/x86/cl.exe 
Build flags: 
Id flags:  

The output was:
0
Microsoft (R) C/C++ Optimizing Compiler versione 19.20.27508.1 per x86
Copyright (C) Microsoft Corporation. Tutti i diritti  sono riservati.

CMakeCCompilerId.c
Microsoft (R) Incremental Linker Version 14.20.27508.1
Copyright (C) Microsoft Corporation.  All rights reserved.

/out:CMakeCCompilerId.exe 
CMakeCCompilerId.obj 


Compilation of the C compiler identification source "CMakeCCompilerId.c" produced "CMakeCCompilerId.exe"

Compilation of the C compiler identification source "CMakeCCompilerId.c" produced "CMakeCCompilerId.obj"

The C compiler identification is MSVC, found in "C:/Users/alice/OneDrive/Documents/GitHub/LocalSearch/LocalSearch/cmake-build-debug/CMakeFiles/3.14.5/CompilerIdC/CMakeCCompilerId.exe"

Determining if the C compiler works passed with the following output:
Change Dir: C:/Users/alice/OneDrive/Documents/GitHub/LocalSearch/LocalSearch/cmake-build-debug/CMakeFiles/CMakeTmp

Run Build Command(s):nmake /nologo cmTC_171bc\fast 
	"C:\Program Files (x86)\Microsoft Visual Studio\2019\Community\VC\Tools\MSVC\14.20.27508\bin\HostX86\x86\nmake.exe" -f CMakeFiles\cmTC_171bc.dir\build.make /nologo -L                  CMakeFiles\cmTC_171bc.dir\build
Building C object CMakeFiles/cmTC_171bc.dir/testCCompiler.c.obj
	C:\PROGRA~2\MICROS~1\2019\COMMUN~1\VC\Tools\MSVC\1420~1.275\bin\Hostx86\x86\cl.exe @C:\Users\alice\AppData\Local\Temp\nmB8F5.tmp
testCCompiler.c
Linking C executable cmTC_171bc.exe
	"C:\Program Files\JetBrains\CLion 2019.2\bin\cmake\win\bin\cmake.exe" -E vs_link_exe --intdir=CMakeFiles\cmTC_171bc.dir --rc=C:\PROGRA~2\WI3CF2~1\10\bin\100177~1.0\x86\rc.exe --mt=C:\PROGRA~2\WI3CF2~1\10\bin\100177~1.0\x86\mt.exe --manifests  -- C:\PROGRA~2\MICROS~1\2019\COMMUN~1\VC\Tools\MSVC\1420~1.275\bin\Hostx86\x86\link.exe /nologo @CMakeFiles\cmTC_171bc.dir\objects1.rsp @C:\Users\alice\AppData\Local\Temp\nmB9A2.tmp


Detecting C compiler ABI info compiled with the following output:
Change Dir: C:/Users/alice/OneDrive/Documents/GitHub/LocalSearch/LocalSearch/cmake-build-debug/CMakeFiles/CMakeTmp

Run Build Command(s):nmake /nologo cmTC_18757\fast 
	"C:\Program Files (x86)\Microsoft Visual Studio\2019\Community\VC\Tools\MSVC\14.20.27508\bin\HostX86\x86\nmake.exe" -f CMakeFiles\cmTC_18757.dir\build.make /nologo -L                  CMakeFiles\cmTC_18757.dir\build
Building C object CMakeFiles/cmTC_18757.dir/CMakeCCompilerABI.c.obj
	C:\PROGRA~2\MICROS~1\2019\COMMUN~1\VC\Tools\MSVC\1420~1.275\bin\Hostx86\x86\cl.exe @C:\Users\alice\AppData\Local\Temp\nmBE35.tmp
CMakeCCompilerABI.c
Linking C executable cmTC_18757.exe
	"C:\Program Files\JetBrains\CLion 2019.2\bin\cmake\win\bin\cmake.exe" -E vs_link_exe --intdir=CMakeFiles\cmTC_18757.dir --rc=C:\PROGRA~2\WI3CF2~1\10\bin\100177~1.0\x86\rc.exe --mt=C:\PROGRA~2\WI3CF2~1\10\bin\100177~1.0\x86\mt.exe --manifests  -- C:\PROGRA~2\MICROS~1\2019\COMMUN~1\VC\Tools\MSVC\1420~1.275\bin\Hostx86\x86\link.exe /nologo @CMakeFiles\cmTC_18757.dir\objects1.rsp @C:\Users\alice\AppData\Local\Temp\nmBF11.tmp




Detecting C [] compiler features compiled with the following output:
Change Dir: C:/Users/alice/OneDrive/Documents/GitHub/LocalSearch/LocalSearch/cmake-build-debug/CMakeFiles/CMakeTmp

Run Build Command(s):nmake /nologo cmTC_d27eb\fast 
	"C:\Program Files (x86)\Microsoft Visual Studio\2019\Community\VC\Tools\MSVC\14.20.27508\bin\HostX86\x86\nmake.exe" -f CMakeFiles\cmTC_d27eb.dir\build.make /nologo -L                  CMakeFiles\cmTC_d27eb.dir\build
Building C object CMakeFiles/cmTC_d27eb.dir/feature_tests.c.obj
	C:\PROGRA~2\MICROS~1\2019\COMMUN~1\VC\Tools\MSVC\1420~1.275\bin\Hostx86\x86\cl.exe @C:\Users\alice\AppData\Local\Temp\nmC430.tmp
feature_tests.c
Linking C executable cmTC_d27eb.exe
	"C:\Program Files\JetBrains\CLion 2019.2\bin\cmake\win\bin\cmake.exe" -E vs_link_exe --intdir=CMakeFiles\cmTC_d27eb.dir --rc=C:\PROGRA~2\WI3CF2~1\10\bin\100177~1.0\x86\rc.exe --mt=C:\PROGRA~2\WI3CF2~1\10\bin\100177~1.0\x86\mt.exe --manifests  -- C:\PROGRA~2\MICROS~1\2019\COMMUN~1\VC\Tools\MSVC\1420~1.275\bin\Hostx86\x86\link.exe /nologo @CMakeFiles\cmTC_d27eb.dir\objects1.rsp @C:\Users\alice\AppData\Local\Temp\nmC4BE.tmp


    Feature record: C_FEATURE:1c_function_prototypes
    Feature record: C_FEATURE:1c_variadic_macros
